2025-09-02 00:25:27.966 INFO  InventoryManagerApp - Starting Inventory Feed Processing (Phase 2)...
2025-09-02 00:25:27.984 INFO  InventoryProcessingService - Processing started for file: input1.csv
2025-09-02 00:25:27.984 INFO  InventoryProcessingService - Processing started for file: input2.csv
2025-09-02 00:25:27.984 INFO  InventoryProcessingService - Processing started for file: input3.csv
2025-09-02 00:25:28.307 ERROR InventoryProcessingService - Error processing file input3.csv: null - Invalid record format in file: input3.csv, line: 302,Widget H,25,
com.litmus7.inventorymanager.exception.FileProcessingException: Invalid record format in file: input3.csv, line: 302,Widget H,25,
	at com.litmus7.inventorymanager.util.CsvReader.read(CsvReader.java:38) ~[classes/:?]
	at com.litmus7.inventorymanager.service.InventoryProcessingService.processSingleFile(InventoryProcessingService.java:73) [classes/:?]
	at com.litmus7.inventorymanager.service.FileProcessorTask.run(FileProcessorTask.java:27) [classes/:?]
	at java.lang.Thread.run(Thread.java:745) [?:1.8.0_45]
2025-09-02 00:25:28.312 INFO  InventoryProcessingService - Transaction for input3.csv rolled back.
2025-09-02 00:25:28.313 INFO  FileHandler - File moved: input3.csv -> inventory-feed/error
2025-09-02 00:25:28.322 ERROR InventoryProcessingService - Error processing file input2.csv: 202 - Data failed business validation rules. (Quantity <= 0) for record with SKU: 202
com.litmus7.inventorymanager.exception.ValidationException: Data failed business validation rules. (Quantity <= 0) for record with SKU: 202
	at com.litmus7.inventorymanager.util.InventoryValidator.validate(InventoryValidator.java:22) ~[classes/:?]
	at com.litmus7.inventorymanager.service.InventoryProcessingService.processSingleFile(InventoryProcessingService.java:75) [classes/:?]
	at com.litmus7.inventorymanager.service.FileProcessorTask.run(FileProcessorTask.java:27) [classes/:?]
	at java.lang.Thread.run(Thread.java:745) [?:1.8.0_45]
2025-09-02 00:25:28.324 INFO  InventoryProcessingService - Transaction for input2.csv rolled back.
2025-09-02 00:25:28.324 INFO  FileHandler - File moved: input2.csv -> inventory-feed/error
2025-09-02 00:25:28.326 INFO  FileHandler - File moved: input1.csv -> inventory-feed/processed
2025-09-02 00:25:28.326 INFO  InventoryProcessingService - Successfully processed and committed file: input1.csv
2025-09-02 00:25:28.327 ERROR InventoryManagerApp - Inventory processing failed: Multithreaded processing completed with errors.
2025-09-02 00:25:28.327 INFO  InventoryManagerApp - --- Processing Summary ---
2025-09-02 00:25:28.327 INFO  InventoryManagerApp - Total files processed: 3
2025-09-02 00:25:28.327 INFO  InventoryManagerApp - Successful files: 1
2025-09-02 00:25:28.327 INFO  InventoryManagerApp - Error files: 2
2025-09-02 00:25:28.327 INFO  InventoryManagerApp - Application shutdown.
