2025-09-01 23:35:40.766 INFO  InventoryManagerApp - Starting Inventory Feed Processing (Phase 1)...
2025-09-01 23:35:40.766 INFO  InventoryController - Controller: Initializing the inventory processing service...
2025-09-01 23:35:40.781 INFO  InventoryProcessingService - Processing started for file: input1.csv
2025-09-01 23:35:41.235 INFO  FileHandler - File moved: input1.csv -> inventory-feed/processed
2025-09-01 23:35:41.235 INFO  InventoryProcessingService - Successfully processed and committed file: input1.csv
2025-09-01 23:35:41.236 INFO  InventoryProcessingService - Processing started for file: input2.csv
2025-09-01 23:35:41.264 ERROR InventoryProcessingService - Error processing file input2.csv: 202 - Data failed business validation rules. (Quantity <= 0) for record with SKU: 202
com.litmus7.inventorymanager.exception.ValidationException: Data failed business validation rules. (Quantity <= 0) for record with SKU: 202
	at com.litmus7.inventorymanager.util.InventoryValidator.validate(InventoryValidator.java:22) ~[classes/:?]
	at com.litmus7.inventorymanager.service.InventoryProcessingService.processSingleFile(InventoryProcessingService.java:75) [classes/:?]
	at com.litmus7.inventorymanager.service.InventoryProcessingService.processFiles(InventoryProcessingService.java:46) [classes/:?]
	at com.litmus7.inventorymanager.controller.InventoryController.startProcessing(InventoryController.java:19) [classes/:?]
	at com.litmus7.inventorymanager.ui.InventoryManagerApp.main(InventoryManagerApp.java:16) [classes/:?]
2025-09-01 23:35:41.270 INFO  InventoryProcessingService - Transaction for input2.csv rolled back.
2025-09-01 23:35:41.270 INFO  FileHandler - File moved: input2.csv -> inventory-feed/error
2025-09-01 23:35:41.271 INFO  InventoryProcessingService - Processing started for file: input3.csv
2025-09-01 23:35:41.287 ERROR InventoryProcessingService - Error processing file input3.csv: null - Invalid record format in file: input3.csv, line: 302,Widget H,25,
com.litmus7.inventorymanager.exception.FileProcessingException: Invalid record format in file: input3.csv, line: 302,Widget H,25,
	at com.litmus7.inventorymanager.util.CsvReader.read(CsvReader.java:38) ~[classes/:?]
	at com.litmus7.inventorymanager.service.InventoryProcessingService.processSingleFile(InventoryProcessingService.java:73) [classes/:?]
	at com.litmus7.inventorymanager.service.InventoryProcessingService.processFiles(InventoryProcessingService.java:46) [classes/:?]
	at com.litmus7.inventorymanager.controller.InventoryController.startProcessing(InventoryController.java:19) [classes/:?]
	at com.litmus7.inventorymanager.ui.InventoryManagerApp.main(InventoryManagerApp.java:16) [classes/:?]
2025-09-01 23:35:41.288 INFO  InventoryProcessingService - Transaction for input3.csv rolled back.
2025-09-01 23:35:41.288 INFO  FileHandler - File moved: input3.csv -> inventory-feed/error
2025-09-01 23:35:41.289 ERROR InventoryManagerApp - Inventory processing failed: Processing completed with errors.
2025-09-01 23:35:41.289 INFO  InventoryManagerApp - --- Processing Summary ---
2025-09-01 23:35:41.289 INFO  InventoryManagerApp - Total files processed: 3
2025-09-01 23:35:41.289 INFO  InventoryManagerApp - Successful files: 1
2025-09-01 23:35:41.289 INFO  InventoryManagerApp - Error files: 2
2025-09-01 23:35:41.289 INFO  InventoryManagerApp - Application shutdown.
